  shading.cpp
c:\users\henry4_lin\desktop\opencv\build\include\opencv2\calib3d.hpp : warning C4819: 檔案含有無法在目前字碼頁 (950) 中表示的字元。請以 Unicode 格式儲存檔案以防止資料遺失
c:\users\henry4_lin\source\repos\opencv_try\opencv_try\shading.cpp(58): warning C4244: '引數': 將 'double' 轉換為 '_Tp'，由於類型不同，可能導致資料遺失
          with
          [
              _Tp=int
          ]
c:\users\henry4_lin\source\repos\opencv_try\opencv_try\shading.cpp(97): warning C4244: '引數': 將 'double' 轉換為 'int'，由於類型不同，可能導致資料遺失
c:\users\henry4_lin\source\repos\opencv_try\opencv_try\shading.cpp(113): warning C4244: '引數': 將 'double' 轉換為 '_Tp'，由於類型不同，可能導致資料遺失
          with
          [
              _Tp=int
          ]
c:\users\henry4_lin\source\repos\opencv_try\opencv_try\shading.cpp(155): warning C4838: 從 'int' 到 'double' 的轉換必須是縮小轉換
  正在產生程式碼
  1 of 802 functions ( 0.1%) were compiled, the rest were copied from previous compilation.
    0 functions were new in current compilation
    0 functions had inline decision re-evaluated but remain unchanged
  已完成程式碼產生
  opencv_try.vcxproj -> C:\Users\henry4_lin\source\repos\opencv_try\x64\Release\opencv_try.exe
